2022-06-08T13:15:52.956+05:30  INFO 15712 --- [restartedMain] g.m.m.MovieRatingServicesApplication     : Starting MovieRatingServicesApplication using Java 17.0.3.1 on APAC-RNISTCcZKW with PID 15712 (C:\PROJECTS\Projects_Microservices\NewMovieMicroservice\movie-rating-services\movie-rating-services\target\classes started by msivar789 in C:\PROJECTS\Projects_Microservices\NewMovieMicroservice\movie-rating-services\movie-rating-services)
2022-06-08T13:15:52.967+05:30  INFO 15712 --- [restartedMain] g.m.m.MovieRatingServicesApplication     : The following 1 profile is active: "dev"
2022-06-08T13:15:53.010+05:30  INFO 15712 --- [restartedMain] .e.DevToolsPropertyDefaultsPostProcessor : Devtools property defaults active! Set 'spring.devtools.add-properties' to 'false' to disable
2022-06-08T13:15:53.011+05:30  INFO 15712 --- [restartedMain] .e.DevToolsPropertyDefaultsPostProcessor : For additional web related logging consider setting the 'logging.level.web' property to 'DEBUG'
2022-06-08T13:15:53.469+05:30  INFO 15712 --- [restartedMain] .s.d.r.c.RepositoryConfigurationDelegate : Bootstrapping Spring Data JPA repositories in DEFAULT mode.
2022-06-08T13:15:53.611+05:30  INFO 15712 --- [restartedMain] .s.d.r.c.RepositoryConfigurationDelegate : Finished Spring Data repository scanning in 135 ms. Found 1 JPA repository interfaces.
2022-06-08T13:15:54.183+05:30  INFO 15712 --- [restartedMain] o.s.b.w.embedded.tomcat.TomcatWebServer  : Tomcat initialized with port(s): 7779 (http)
2022-06-08T13:15:54.193+05:30  INFO 15712 --- [restartedMain] o.apache.catalina.core.StandardService   : Starting service [Tomcat]
2022-06-08T13:15:54.194+05:30  INFO 15712 --- [restartedMain] org.apache.catalina.core.StandardEngine  : Starting Servlet engine: [Apache Tomcat/10.0.21]
2022-06-08T13:15:54.289+05:30  INFO 15712 --- [restartedMain] o.a.c.c.C.[Tomcat].[localhost].[/]       : Initializing Spring embedded WebApplicationContext
2022-06-08T13:15:54.298+05:30  INFO 15712 --- [restartedMain] w.s.c.ServletWebServerApplicationContext : Root WebApplicationContext: initialization completed in 1277 ms
2022-06-08T13:15:54.326+05:30  INFO 15712 --- [restartedMain] com.zaxxer.hikari.HikariDataSource       : HikariPool-1 - Starting...
2022-06-08T13:15:54.483+05:30  INFO 15712 --- [restartedMain] com.zaxxer.hikari.pool.HikariPool        : HikariPool-1 - Added connection conn0: url=jdbc:h2:mem:testdb user=SA
2022-06-08T13:15:54.484+05:30  INFO 15712 --- [restartedMain] com.zaxxer.hikari.HikariDataSource       : HikariPool-1 - Start completed.
2022-06-08T13:15:54.492+05:30  INFO 15712 --- [restartedMain] o.s.b.a.h2.H2ConsoleAutoConfiguration    : H2 console available at '/h2-console'. Database available at 'jdbc:h2:mem:testdb'
2022-06-08T13:15:54.617+05:30  INFO 15712 --- [restartedMain] o.hibernate.jpa.internal.util.LogHelper  : HHH000204: Processing PersistenceUnitInfo [name: default]
2022-06-08T13:15:54.668+05:30  INFO 15712 --- [restartedMain] org.hibernate.Version                    : HHH000412: Hibernate ORM core version 5.6.9.Final
2022-06-08T13:15:54.815+05:30  INFO 15712 --- [restartedMain] o.hibernate.annotations.common.Version   : HCANN000001: Hibernate Commons Annotations {5.1.2.Final}
2022-06-08T13:15:54.917+05:30  INFO 15712 --- [restartedMain] org.hibernate.dialect.Dialect            : HHH000400: Using dialect: org.hibernate.dialect.MySQL5InnoDBDialect
2022-06-08T13:15:55.339+05:30  INFO 15712 --- [restartedMain] o.h.e.t.j.p.i.JtaPlatformInitiator       : HHH000490: Using JtaPlatform implementation: [org.hibernate.engine.transaction.jta.platform.internal.NoJtaPlatform]
2022-06-08T13:15:55.345+05:30  INFO 15712 --- [restartedMain] j.LocalContainerEntityManagerFactoryBean : Initialized JPA EntityManagerFactory for persistence unit 'default'
2022-06-08T13:15:55.553+05:30  WARN 15712 --- [restartedMain] JpaBaseConfiguration$JpaWebConfiguration : spring.jpa.open-in-view is enabled by default. Therefore, database queries may be performed during view rendering. Explicitly configure spring.jpa.open-in-view to disable this warning
2022-06-08T13:15:55.784+05:30  INFO 15712 --- [restartedMain] o.s.b.d.a.OptionalLiveReloadServer       : LiveReload server is running on port 35729
2022-06-08T13:15:55.819+05:30  INFO 15712 --- [restartedMain] o.s.b.w.embedded.tomcat.TomcatWebServer  : Tomcat started on port(s): 7779 (http) with context path ''
2022-06-08T13:15:55.827+05:30  INFO 15712 --- [restartedMain] g.m.m.MovieRatingServicesApplication     : Started MovieRatingServicesApplication in 3.197 seconds (process running for 3.582)
2022-06-08T13:16:13.782+05:30  INFO 15712 --- [http-nio-7779-exec-1] o.a.c.c.C.[Tomcat].[localhost].[/]       : Initializing Spring DispatcherServlet 'dispatcherServlet'
2022-06-08T13:16:13.783+05:30  INFO 15712 --- [http-nio-7779-exec-1] o.s.web.servlet.DispatcherServlet        : Initializing Servlet 'dispatcherServlet'
2022-06-08T13:16:13.785+05:30  INFO 15712 --- [http-nio-7779-exec-1] o.s.web.servlet.DispatcherServlet        : Completed initialization in 0 ms
2022-06-08T13:19:40.954+05:30  INFO 15712 --- [Thread-6] j.LocalContainerEntityManagerFactoryBean : Closing JPA EntityManagerFactory for persistence unit 'default'
2022-06-08T13:19:41.166+05:30  WARN 15712 --- [Thread-6] o.s.b.f.support.DisposableBeanAdapter    : Invocation of destroy method failed on bean with name 'inMemoryDatabaseShutdownExecutor': org.h2.jdbc.JdbcSQLNonTransientConnectionException: Database is already closed (to disable automatic closing at VM shutdown, add ";DB_CLOSE_ON_EXIT=FALSE" to the db URL) [90121-212]
2022-06-08T13:19:41.167+05:30  INFO 15712 --- [Thread-6] com.zaxxer.hikari.HikariDataSource       : HikariPool-1 - Shutdown initiated...
2022-06-08T13:19:41.169+05:30  INFO 15712 --- [Thread-6] com.zaxxer.hikari.HikariDataSource       : HikariPool-1 - Shutdown completed.
2022-06-08T13:19:41.229+05:30  INFO 15712 --- [restartedMain] g.m.m.MovieRatingServicesApplication     : Starting MovieRatingServicesApplication using Java 17.0.3.1 on APAC-RNISTCcZKW with PID 15712 (C:\PROJECTS\Projects_Microservices\NewMovieMicroservice\movie-rating-services\movie-rating-services\target\classes started by msivar789 in C:\PROJECTS\Projects_Microservices\NewMovieMicroservice\movie-rating-services\movie-rating-services)
2022-06-08T13:19:41.229+05:30  INFO 15712 --- [restartedMain] g.m.m.MovieRatingServicesApplication     : The following 1 profile is active: "dev"
2022-06-08T13:19:41.359+05:30  INFO 15712 --- [restartedMain] .s.d.r.c.RepositoryConfigurationDelegate : Bootstrapping Spring Data JPA repositories in DEFAULT mode.
2022-06-08T13:19:41.367+05:30  INFO 15712 --- [restartedMain] .s.d.r.c.RepositoryConfigurationDelegate : Finished Spring Data repository scanning in 8 ms. Found 1 JPA repository interfaces.
2022-06-08T13:19:41.442+05:30  INFO 15712 --- [restartedMain] o.s.b.w.embedded.tomcat.TomcatWebServer  : Tomcat initialized with port(s): 7779 (http)
2022-06-08T13:19:41.443+05:30  INFO 15712 --- [restartedMain] o.apache.catalina.core.StandardService   : Starting service [Tomcat]
2022-06-08T13:19:41.444+05:30  INFO 15712 --- [restartedMain] org.apache.catalina.core.StandardEngine  : Starting Servlet engine: [Apache Tomcat/10.0.21]
2022-06-08T13:19:41.468+05:30  INFO 15712 --- [restartedMain] o.a.c.c.C.[Tomcat].[localhost].[/]       : Initializing Spring embedded WebApplicationContext
2022-06-08T13:19:41.468+05:30  INFO 15712 --- [restartedMain] w.s.c.ServletWebServerApplicationContext : Root WebApplicationContext: initialization completed in 237 ms
2022-06-08T13:19:41.478+05:30  INFO 15712 --- [restartedMain] com.zaxxer.hikari.HikariDataSource       : HikariPool-2 - Starting...
2022-06-08T13:19:41.480+05:30  INFO 15712 --- [restartedMain] com.zaxxer.hikari.pool.HikariPool        : HikariPool-2 - Added connection conn10: url=jdbc:h2:mem:testdb user=SA
2022-06-08T13:19:41.481+05:30  INFO 15712 --- [restartedMain] com.zaxxer.hikari.HikariDataSource       : HikariPool-2 - Start completed.
2022-06-08T13:19:41.481+05:30  INFO 15712 --- [restartedMain] o.s.b.a.h2.H2ConsoleAutoConfiguration    : H2 console available at '/h2-console'. Database available at 'jdbc:h2:mem:testdb'
2022-06-08T13:19:41.500+05:30  INFO 15712 --- [restartedMain] o.hibernate.jpa.internal.util.LogHelper  : HHH000204: Processing PersistenceUnitInfo [name: default]
2022-06-08T13:19:41.504+05:30  INFO 15712 --- [restartedMain] org.hibernate.dialect.Dialect            : HHH000400: Using dialect: org.hibernate.dialect.MySQL5InnoDBDialect
2022-06-08T13:19:41.518+05:30  INFO 15712 --- [restartedMain] o.h.e.t.j.p.i.JtaPlatformInitiator       : HHH000490: Using JtaPlatform implementation: [org.hibernate.engine.transaction.jta.platform.internal.NoJtaPlatform]
2022-06-08T13:19:41.518+05:30  INFO 15712 --- [restartedMain] j.LocalContainerEntityManagerFactoryBean : Initialized JPA EntityManagerFactory for persistence unit 'default'
2022-06-08T13:19:41.571+05:30  WARN 15712 --- [restartedMain] JpaBaseConfiguration$JpaWebConfiguration : spring.jpa.open-in-view is enabled by default. Therefore, database queries may be performed during view rendering. Explicitly configure spring.jpa.open-in-view to disable this warning
2022-06-08T13:19:41.623+05:30  INFO 15712 --- [restartedMain] o.s.b.d.a.OptionalLiveReloadServer       : LiveReload server is running on port 35729
2022-06-08T13:19:41.637+05:30  INFO 15712 --- [restartedMain] o.s.b.w.embedded.tomcat.TomcatWebServer  : Tomcat started on port(s): 7779 (http) with context path ''
2022-06-08T13:19:41.640+05:30  INFO 15712 --- [restartedMain] g.m.m.MovieRatingServicesApplication     : Started MovieRatingServicesApplication in 0.434 seconds (process running for 229.395)
2022-06-08T13:19:41.642+05:30  INFO 15712 --- [restartedMain] .ConditionEvaluationDeltaLoggingListener : Condition evaluation unchanged
2022-06-08T13:19:43.477+05:30  INFO 15712 --- [Thread-8] j.LocalContainerEntityManagerFactoryBean : Closing JPA EntityManagerFactory for persistence unit 'default'
2022-06-08T13:19:43.694+05:30  WARN 15712 --- [Thread-8] o.s.b.f.support.DisposableBeanAdapter    : Invocation of destroy method failed on bean with name 'inMemoryDatabaseShutdownExecutor': org.h2.jdbc.JdbcSQLNonTransientConnectionException: Database is already closed (to disable automatic closing at VM shutdown, add ";DB_CLOSE_ON_EXIT=FALSE" to the db URL) [90121-212]
2022-06-08T13:19:43.695+05:30  INFO 15712 --- [Thread-8] com.zaxxer.hikari.HikariDataSource       : HikariPool-2 - Shutdown initiated...
2022-06-08T13:19:43.696+05:30  INFO 15712 --- [Thread-8] com.zaxxer.hikari.HikariDataSource       : HikariPool-2 - Shutdown completed.
2022-06-08T13:19:43.746+05:30  INFO 15712 --- [restartedMain] g.m.m.MovieRatingServicesApplication     : Starting MovieRatingServicesApplication using Java 17.0.3.1 on APAC-RNISTCcZKW with PID 15712 (C:\PROJECTS\Projects_Microservices\NewMovieMicroservice\movie-rating-services\movie-rating-services\target\classes started by msivar789 in C:\PROJECTS\Projects_Microservices\NewMovieMicroservice\movie-rating-services\movie-rating-services)
2022-06-08T13:19:43.747+05:30  INFO 15712 --- [restartedMain] g.m.m.MovieRatingServicesApplication     : The following 1 profile is active: "dev"
2022-06-08T13:19:43.850+05:30  INFO 15712 --- [restartedMain] .s.d.r.c.RepositoryConfigurationDelegate : Bootstrapping Spring Data JPA repositories in DEFAULT mode.
2022-06-08T13:19:43.858+05:30  INFO 15712 --- [restartedMain] .s.d.r.c.RepositoryConfigurationDelegate : Finished Spring Data repository scanning in 7 ms. Found 1 JPA repository interfaces.
2022-06-08T13:19:43.906+05:30  INFO 15712 --- [restartedMain] o.s.b.w.embedded.tomcat.TomcatWebServer  : Tomcat initialized with port(s): 7779 (http)
2022-06-08T13:19:43.907+05:30  INFO 15712 --- [restartedMain] o.apache.catalina.core.StandardService   : Starting service [Tomcat]
2022-06-08T13:19:43.907+05:30  INFO 15712 --- [restartedMain] org.apache.catalina.core.StandardEngine  : Starting Servlet engine: [Apache Tomcat/10.0.21]
2022-06-08T13:19:43.926+05:30  INFO 15712 --- [restartedMain] o.a.c.c.C.[Tomcat].[localhost].[/]       : Initializing Spring embedded WebApplicationContext
2022-06-08T13:19:43.926+05:30  INFO 15712 --- [restartedMain] w.s.c.ServletWebServerApplicationContext : Root WebApplicationContext: initialization completed in 177 ms
2022-06-08T13:19:43.937+05:30  INFO 15712 --- [restartedMain] com.zaxxer.hikari.HikariDataSource       : HikariPool-3 - Starting...
2022-06-08T13:19:43.939+05:30  INFO 15712 --- [restartedMain] com.zaxxer.hikari.pool.HikariPool        : HikariPool-3 - Added connection conn20: url=jdbc:h2:mem:testdb user=SA
2022-06-08T13:19:43.939+05:30  INFO 15712 --- [restartedMain] com.zaxxer.hikari.HikariDataSource       : HikariPool-3 - Start completed.
2022-06-08T13:19:43.939+05:30  INFO 15712 --- [restartedMain] o.s.b.a.h2.H2ConsoleAutoConfiguration    : H2 console available at '/h2-console'. Database available at 'jdbc:h2:mem:testdb'
2022-06-08T13:19:43.951+05:30  INFO 15712 --- [restartedMain] o.hibernate.jpa.internal.util.LogHelper  : HHH000204: Processing PersistenceUnitInfo [name: default]
2022-06-08T13:19:43.954+05:30  INFO 15712 --- [restartedMain] org.hibernate.dialect.Dialect            : HHH000400: Using dialect: org.hibernate.dialect.MySQL5InnoDBDialect
2022-06-08T13:19:43.967+05:30  INFO 15712 --- [restartedMain] o.h.e.t.j.p.i.JtaPlatformInitiator       : HHH000490: Using JtaPlatform implementation: [org.hibernate.engine.transaction.jta.platform.internal.NoJtaPlatform]
2022-06-08T13:19:43.967+05:30  INFO 15712 --- [restartedMain] j.LocalContainerEntityManagerFactoryBean : Initialized JPA EntityManagerFactory for persistence unit 'default'
2022-06-08T13:19:44.011+05:30  WARN 15712 --- [restartedMain] JpaBaseConfiguration$JpaWebConfiguration : spring.jpa.open-in-view is enabled by default. Therefore, database queries may be performed during view rendering. Explicitly configure spring.jpa.open-in-view to disable this warning
2022-06-08T13:19:44.055+05:30  INFO 15712 --- [restartedMain] o.s.b.d.a.OptionalLiveReloadServer       : LiveReload server is running on port 35729
2022-06-08T13:19:44.069+05:30  INFO 15712 --- [restartedMain] o.s.b.w.embedded.tomcat.TomcatWebServer  : Tomcat started on port(s): 7779 (http) with context path ''
2022-06-08T13:19:44.071+05:30  INFO 15712 --- [restartedMain] g.m.m.MovieRatingServicesApplication     : Started MovieRatingServicesApplication in 0.347 seconds (process running for 231.826)
2022-06-08T13:19:44.072+05:30  INFO 15712 --- [restartedMain] .ConditionEvaluationDeltaLoggingListener : Condition evaluation unchanged
2022-06-08T13:36:49.655+05:30  INFO 8092 --- [restartedMain] g.m.m.MovieRatingServicesApplication     : Starting MovieRatingServicesApplication using Java 17.0.3.1 on APAC-RNISTCcZKW with PID 8092 (C:\PROJECTS\Projects_Microservices\NewMovieMicroservice\movie-rating-services\movie-rating-services\target\classes started by msivar789 in C:\PROJECTS\Projects_Microservices\NewMovieMicroservice\movie-rating-services\movie-rating-services)
2022-06-08T13:36:49.658+05:30  INFO 8092 --- [restartedMain] g.m.m.MovieRatingServicesApplication     : The following 1 profile is active: "dev"
2022-06-08T13:36:49.696+05:30  INFO 8092 --- [restartedMain] .e.DevToolsPropertyDefaultsPostProcessor : Devtools property defaults active! Set 'spring.devtools.add-properties' to 'false' to disable
2022-06-08T13:36:49.696+05:30  INFO 8092 --- [restartedMain] .e.DevToolsPropertyDefaultsPostProcessor : For additional web related logging consider setting the 'logging.level.web' property to 'DEBUG'
2022-06-08T13:36:50.123+05:30  INFO 8092 --- [restartedMain] .s.d.r.c.RepositoryConfigurationDelegate : Bootstrapping Spring Data JPA repositories in DEFAULT mode.
2022-06-08T13:36:50.243+05:30  INFO 8092 --- [restartedMain] .s.d.r.c.RepositoryConfigurationDelegate : Finished Spring Data repository scanning in 112 ms. Found 1 JPA repository interfaces.
2022-06-08T13:36:50.726+05:30  INFO 8092 --- [restartedMain] o.s.b.w.embedded.tomcat.TomcatWebServer  : Tomcat initialized with port(s): 7779 (http)
2022-06-08T13:36:50.734+05:30  INFO 8092 --- [restartedMain] o.apache.catalina.core.StandardService   : Starting service [Tomcat]
2022-06-08T13:36:50.735+05:30  INFO 8092 --- [restartedMain] org.apache.catalina.core.StandardEngine  : Starting Servlet engine: [Apache Tomcat/10.0.21]
2022-06-08T13:36:50.808+05:30  INFO 8092 --- [restartedMain] o.a.c.c.C.[Tomcat].[localhost].[/]       : Initializing Spring embedded WebApplicationContext
2022-06-08T13:36:50.811+05:30  INFO 8092 --- [restartedMain] w.s.c.ServletWebServerApplicationContext : Root WebApplicationContext: initialization completed in 1111 ms
2022-06-08T13:36:50.838+05:30  INFO 8092 --- [restartedMain] com.zaxxer.hikari.HikariDataSource       : HikariPool-1 - Starting...
2022-06-08T13:36:50.974+05:30  INFO 8092 --- [restartedMain] com.zaxxer.hikari.pool.HikariPool        : HikariPool-1 - Added connection conn0: url=jdbc:h2:mem:testdb user=SA
2022-06-08T13:36:50.976+05:30  INFO 8092 --- [restartedMain] com.zaxxer.hikari.HikariDataSource       : HikariPool-1 - Start completed.
2022-06-08T13:36:50.986+05:30  INFO 8092 --- [restartedMain] o.s.b.a.h2.H2ConsoleAutoConfiguration    : H2 console available at '/h2-console'. Database available at 'jdbc:h2:mem:testdb'
2022-06-08T13:36:51.090+05:30  INFO 8092 --- [restartedMain] o.hibernate.jpa.internal.util.LogHelper  : HHH000204: Processing PersistenceUnitInfo [name: default]
2022-06-08T13:36:51.123+05:30  INFO 8092 --- [restartedMain] org.hibernate.Version                    : HHH000412: Hibernate ORM core version 5.6.9.Final
2022-06-08T13:36:51.227+05:30  INFO 8092 --- [restartedMain] o.hibernate.annotations.common.Version   : HCANN000001: Hibernate Commons Annotations {5.1.2.Final}
2022-06-08T13:36:51.305+05:30  INFO 8092 --- [restartedMain] org.hibernate.dialect.Dialect            : HHH000400: Using dialect: org.hibernate.dialect.MySQL5InnoDBDialect
2022-06-08T13:36:51.636+05:30  INFO 8092 --- [restartedMain] o.h.e.t.j.p.i.JtaPlatformInitiator       : HHH000490: Using JtaPlatform implementation: [org.hibernate.engine.transaction.jta.platform.internal.NoJtaPlatform]
2022-06-08T13:36:51.643+05:30  INFO 8092 --- [restartedMain] j.LocalContainerEntityManagerFactoryBean : Initialized JPA EntityManagerFactory for persistence unit 'default'
2022-06-08T13:36:51.847+05:30  WARN 8092 --- [restartedMain] JpaBaseConfiguration$JpaWebConfiguration : spring.jpa.open-in-view is enabled by default. Therefore, database queries may be performed during view rendering. Explicitly configure spring.jpa.open-in-view to disable this warning
2022-06-08T13:36:52.064+05:30  INFO 8092 --- [restartedMain] o.s.b.d.a.OptionalLiveReloadServer       : LiveReload server is running on port 35729
2022-06-08T13:36:52.093+05:30  INFO 8092 --- [restartedMain] o.s.b.w.embedded.tomcat.TomcatWebServer  : Tomcat started on port(s): 7779 (http) with context path ''
2022-06-08T13:36:52.101+05:30  INFO 8092 --- [restartedMain] g.m.m.MovieRatingServicesApplication     : Started MovieRatingServicesApplication in 2.78 seconds (process running for 3.156)
2022-06-08T13:37:31.327+05:30  INFO 8092 --- [http-nio-7779-exec-1] o.a.c.c.C.[Tomcat].[localhost].[/]       : Initializing Spring DispatcherServlet 'dispatcherServlet'
2022-06-08T13:37:31.328+05:30  INFO 8092 --- [http-nio-7779-exec-1] o.s.web.servlet.DispatcherServlet        : Initializing Servlet 'dispatcherServlet'
2022-06-08T13:37:31.331+05:30  INFO 8092 --- [http-nio-7779-exec-1] o.s.web.servlet.DispatcherServlet        : Completed initialization in 1 ms
2022-06-08T13:41:03.343+05:30  INFO 8092 --- [SpringApplicationShutdownHook] j.LocalContainerEntityManagerFactoryBean : Closing JPA EntityManagerFactory for persistence unit 'default'
2022-06-08T13:41:03.732+05:30  WARN 8092 --- [SpringApplicationShutdownHook] o.s.b.f.support.DisposableBeanAdapter    : Invocation of destroy method failed on bean with name 'inMemoryDatabaseShutdownExecutor': org.h2.jdbc.JdbcSQLNonTransientConnectionException: Database is already closed (to disable automatic closing at VM shutdown, add ";DB_CLOSE_ON_EXIT=FALSE" to the db URL) [90121-212]
2022-06-08T13:41:03.733+05:30  INFO 8092 --- [SpringApplicationShutdownHook] com.zaxxer.hikari.HikariDataSource       : HikariPool-1 - Shutdown initiated...
2022-06-08T13:41:03.852+05:30  INFO 8092 --- [SpringApplicationShutdownHook] com.zaxxer.hikari.HikariDataSource       : HikariPool-1 - Shutdown completed.
