2022-07-30T14:59:50.226-04:00  INFO 19892 --- [restartedMain] g.m.m.MovieInfoServicesApplication       : Starting MovieInfoServicesApplication using Java 17.0.3.1 on APAC-RNISTCcZKW with PID 19892 (C:\PROJECTS\Projects_Microservices\NewMovieMicroservice\movie-info-services\movie-info-services\target\classes started by msivar789 in C:\PROJECTS\Projects_Microservices\NewMovieMicroservice\movie-info-services\movie-info-services)
2022-07-30T14:59:50.238-04:00  INFO 19892 --- [restartedMain] g.m.m.MovieInfoServicesApplication       : No active profile set, falling back to 1 default profile: "default"
2022-07-30T14:59:50.296-04:00  INFO 19892 --- [restartedMain] .e.DevToolsPropertyDefaultsPostProcessor : Devtools property defaults active! Set 'spring.devtools.add-properties' to 'false' to disable
2022-07-30T14:59:50.296-04:00  INFO 19892 --- [restartedMain] .e.DevToolsPropertyDefaultsPostProcessor : For additional web related logging consider setting the 'logging.level.web' property to 'DEBUG'
2022-07-30T14:59:50.873-04:00  INFO 19892 --- [restartedMain] .s.d.r.c.RepositoryConfigurationDelegate : Bootstrapping Spring Data JPA repositories in DEFAULT mode.
2022-07-30T14:59:51.050-04:00  INFO 19892 --- [restartedMain] .s.d.r.c.RepositoryConfigurationDelegate : Finished Spring Data repository scanning in 169 ms. Found 1 JPA repository interfaces.
2022-07-30T14:59:51.677-04:00  INFO 19892 --- [restartedMain] o.s.b.w.embedded.tomcat.TomcatWebServer  : Tomcat initialized with port(s): 7778 (http)
2022-07-30T14:59:51.689-04:00  INFO 19892 --- [restartedMain] o.apache.catalina.core.StandardService   : Starting service [Tomcat]
2022-07-30T14:59:51.689-04:00  INFO 19892 --- [restartedMain] org.apache.catalina.core.StandardEngine  : Starting Servlet engine: [Apache Tomcat/10.0.21]
2022-07-30T14:59:51.793-04:00  INFO 19892 --- [restartedMain] o.a.c.c.C.[Tomcat].[localhost].[/]       : Initializing Spring embedded WebApplicationContext
2022-07-30T14:59:51.794-04:00  INFO 19892 --- [restartedMain] w.s.c.ServletWebServerApplicationContext : Root WebApplicationContext: initialization completed in 1496 ms
2022-07-30T14:59:51.823-04:00  INFO 19892 --- [restartedMain] com.zaxxer.hikari.HikariDataSource       : HikariPool-1 - Starting...
2022-07-30T14:59:52.020-04:00  INFO 19892 --- [restartedMain] com.zaxxer.hikari.pool.HikariPool        : HikariPool-1 - Added connection com.mysql.cj.jdbc.ConnectionImpl@35390a7c
2022-07-30T14:59:52.024-04:00  INFO 19892 --- [restartedMain] com.zaxxer.hikari.HikariDataSource       : HikariPool-1 - Start completed.
2022-07-30T14:59:52.034-04:00  INFO 19892 --- [restartedMain] o.s.b.a.h2.H2ConsoleAutoConfiguration    : H2 console available at '/h2-console'. Database available at 'jdbc:mysql://localhost:3306/movieinfo?useSSL=false&allowPublicKeyRetrieval=true'
2022-07-30T14:59:52.251-04:00  INFO 19892 --- [restartedMain] o.hibernate.jpa.internal.util.LogHelper  : HHH000204: Processing PersistenceUnitInfo [name: default]
2022-07-30T14:59:52.339-04:00  INFO 19892 --- [restartedMain] org.hibernate.Version                    : HHH000412: Hibernate ORM core version 5.6.9.Final
2022-07-30T14:59:52.515-04:00  INFO 19892 --- [restartedMain] o.hibernate.annotations.common.Version   : HCANN000001: Hibernate Commons Annotations {5.1.2.Final}
2022-07-30T14:59:52.639-04:00  INFO 19892 --- [restartedMain] org.hibernate.dialect.Dialect            : HHH000400: Using dialect: org.hibernate.dialect.MySQL8Dialect
2022-07-30T14:59:53.085-04:00  INFO 19892 --- [restartedMain] o.h.e.t.j.p.i.JtaPlatformInitiator       : HHH000490: Using JtaPlatform implementation: [org.hibernate.engine.transaction.jta.platform.internal.NoJtaPlatform]
2022-07-30T14:59:53.091-04:00  INFO 19892 --- [restartedMain] j.LocalContainerEntityManagerFactoryBean : Initialized JPA EntityManagerFactory for persistence unit 'default'
2022-07-30T14:59:53.417-04:00  WARN 19892 --- [restartedMain] JpaBaseConfiguration$JpaWebConfiguration : spring.jpa.open-in-view is enabled by default. Therefore, database queries may be performed during view rendering. Explicitly configure spring.jpa.open-in-view to disable this warning
2022-07-30T14:59:53.729-04:00  INFO 19892 --- [restartedMain] o.s.b.d.a.OptionalLiveReloadServer       : LiveReload server is running on port 35729
2022-07-30T14:59:53.775-04:00  INFO 19892 --- [restartedMain] o.s.b.w.embedded.tomcat.TomcatWebServer  : Tomcat started on port(s): 7778 (http) with context path ''
2022-07-30T14:59:53.784-04:00  INFO 19892 --- [restartedMain] g.m.m.MovieInfoServicesApplication       : Started MovieInfoServicesApplication in 3.996 seconds (process running for 4.839)
2022-07-30T14:59:59.102-04:00  INFO 19892 --- [http-nio-7778-exec-1] o.a.c.c.C.[Tomcat].[localhost].[/]       : Initializing Spring DispatcherServlet 'dispatcherServlet'
2022-07-30T14:59:59.102-04:00  INFO 19892 --- [http-nio-7778-exec-1] o.s.web.servlet.DispatcherServlet        : Initializing Servlet 'dispatcherServlet'
2022-07-30T14:59:59.103-04:00  INFO 19892 --- [http-nio-7778-exec-1] o.s.web.servlet.DispatcherServlet        : Completed initialization in 0 ms
