2022-06-20T00:22:44.795+05:30  INFO 27244 --- [restartedMain] g.m.m.MovieCatalogServicesApplication    : Starting MovieCatalogServicesApplication using Java 17.0.3.1 on LAPTOP-QLD5DGRQ with PID 27244 (C:\STS_Projects\NewMovieCatalogServices\MovieCatalog_New_MS\movie-catalog-services\movie-catalog-services\target\classes started by nitin in C:\STS_Projects\NewMovieCatalogServices\MovieCatalog_New_MS\movie-catalog-services\movie-catalog-services)
2022-06-20T00:22:44.806+05:30  INFO 27244 --- [restartedMain] g.m.m.MovieCatalogServicesApplication    : No active profile set, falling back to 1 default profile: "default"
2022-06-20T00:22:44.948+05:30  INFO 27244 --- [restartedMain] .e.DevToolsPropertyDefaultsPostProcessor : Devtools property defaults active! Set 'spring.devtools.add-properties' to 'false' to disable
2022-06-20T00:22:44.949+05:30  INFO 27244 --- [restartedMain] .e.DevToolsPropertyDefaultsPostProcessor : For additional web related logging consider setting the 'logging.level.web' property to 'DEBUG'
2022-06-20T00:22:46.960+05:30  INFO 27244 --- [restartedMain] .s.d.r.c.RepositoryConfigurationDelegate : Bootstrapping Spring Data JPA repositories in DEFAULT mode.
2022-06-20T00:22:47.452+05:30  INFO 27244 --- [restartedMain] .s.d.r.c.RepositoryConfigurationDelegate : Finished Spring Data repository scanning in 465 ms. Found 1 JPA repository interfaces.
2022-06-20T00:22:48.791+05:30  INFO 27244 --- [restartedMain] o.s.b.w.embedded.tomcat.TomcatWebServer  : Tomcat initialized with port(s): 7777 (http)
2022-06-20T00:22:48.794+05:30  INFO 27244 --- [restartedMain] o.a.catalina.core.AprLifecycleListener   : Loaded Apache Tomcat Native library [1.2.31] using APR version [1.7.0].
2022-06-20T00:22:48.797+05:30  INFO 27244 --- [restartedMain] o.a.catalina.core.AprLifecycleListener   : APR capabilities: IPv6 [true], sendfile [true], accept filters [false], random [true], UDS [true].
2022-06-20T00:22:48.805+05:30  INFO 27244 --- [restartedMain] o.a.catalina.core.AprLifecycleListener   : OpenSSL successfully initialized [OpenSSL 1.1.1l  24 Aug 2021]
2022-06-20T00:22:48.829+05:30  INFO 27244 --- [restartedMain] o.apache.catalina.core.StandardService   : Starting service [Tomcat]
2022-06-20T00:22:48.831+05:30  INFO 27244 --- [restartedMain] org.apache.catalina.core.StandardEngine  : Starting Servlet engine: [Apache Tomcat/10.0.21]
2022-06-20T00:22:49.017+05:30  INFO 27244 --- [restartedMain] o.a.c.c.C.[Tomcat].[localhost].[/]       : Initializing Spring embedded WebApplicationContext
2022-06-20T00:22:49.023+05:30  INFO 27244 --- [restartedMain] w.s.c.ServletWebServerApplicationContext : Root WebApplicationContext: initialization completed in 4064 ms
2022-06-20T00:22:49.105+05:30  INFO 27244 --- [restartedMain] com.zaxxer.hikari.HikariDataSource       : HikariPool-1 - Starting...
2022-06-20T00:22:49.448+05:30  INFO 27244 --- [restartedMain] com.zaxxer.hikari.pool.HikariPool        : HikariPool-1 - Added connection com.mysql.cj.jdbc.ConnectionImpl@2cf788bf
2022-06-20T00:22:49.452+05:30  INFO 27244 --- [restartedMain] com.zaxxer.hikari.HikariDataSource       : HikariPool-1 - Start completed.
2022-06-20T00:22:49.472+05:30  INFO 27244 --- [restartedMain] o.s.b.a.h2.H2ConsoleAutoConfiguration    : H2 console available at '/h2-console'. Database available at 'jdbc:mysql://localhost:3306/catalogmovie?useSSL=false&allowPublicKeyRetrieval=true'
2022-06-20T00:22:50.081+05:30  INFO 27244 --- [restartedMain] o.hibernate.jpa.internal.util.LogHelper  : HHH000204: Processing PersistenceUnitInfo [name: default]
2022-06-20T00:22:50.259+05:30  INFO 27244 --- [restartedMain] org.hibernate.Version                    : HHH000412: Hibernate ORM core version 5.6.9.Final
2022-06-20T00:22:50.788+05:30  INFO 27244 --- [restartedMain] o.hibernate.annotations.common.Version   : HCANN000001: Hibernate Commons Annotations {5.1.2.Final}
2022-06-20T00:22:50.954+05:30  INFO 27244 --- [restartedMain] org.hibernate.dialect.Dialect            : HHH000400: Using dialect: org.hibernate.dialect.MySQL5InnoDBDialect
2022-06-20T00:22:52.192+05:30  INFO 27244 --- [restartedMain] o.h.e.t.j.p.i.JtaPlatformInitiator       : HHH000490: Using JtaPlatform implementation: [org.hibernate.engine.transaction.jta.platform.internal.NoJtaPlatform]
2022-06-20T00:22:52.210+05:30  INFO 27244 --- [restartedMain] j.LocalContainerEntityManagerFactoryBean : Initialized JPA EntityManagerFactory for persistence unit 'default'
2022-06-20T00:22:53.073+05:30  WARN 27244 --- [restartedMain] JpaBaseConfiguration$JpaWebConfiguration : spring.jpa.open-in-view is enabled by default. Therefore, database queries may be performed during view rendering. Explicitly configure spring.jpa.open-in-view to disable this warning
2022-06-20T00:22:53.485+05:30  INFO 27244 --- [restartedMain] o.s.b.d.a.OptionalLiveReloadServer       : LiveReload server is running on port 35729
2022-06-20T00:22:53.529+05:30  INFO 27244 --- [restartedMain] o.s.b.w.embedded.tomcat.TomcatWebServer  : Tomcat started on port(s): 7777 (http) with context path ''
2022-06-20T00:22:53.540+05:30  INFO 27244 --- [restartedMain] g.m.m.MovieCatalogServicesApplication    : Started MovieCatalogServicesApplication in 9.943 seconds (process running for 10.898)
2022-06-20T00:22:58.330+05:30  INFO 27244 --- [http-nio-7777-exec-1] o.a.c.c.C.[Tomcat].[localhost].[/]       : Initializing Spring DispatcherServlet 'dispatcherServlet'
2022-06-20T00:22:58.331+05:30  INFO 27244 --- [http-nio-7777-exec-1] o.s.web.servlet.DispatcherServlet        : Initializing Servlet 'dispatcherServlet'
2022-06-20T00:22:58.339+05:30  INFO 27244 --- [http-nio-7777-exec-1] o.s.web.servlet.DispatcherServlet        : Completed initialization in 3 ms
2022-06-20T00:23:06.180+05:30  INFO 27244 --- [SpringApplicationShutdownHook] j.LocalContainerEntityManagerFactoryBean : Closing JPA EntityManagerFactory for persistence unit 'default'
2022-06-20T00:23:06.193+05:30  INFO 27244 --- [SpringApplicationShutdownHook] com.zaxxer.hikari.HikariDataSource       : HikariPool-1 - Shutdown initiated...
2022-06-20T00:23:06.239+05:30  INFO 27244 --- [SpringApplicationShutdownHook] com.zaxxer.hikari.HikariDataSource       : HikariPool-1 - Shutdown completed.
